d:\game development\myprojects\mysimple2dgame\mysimplegame\mysimplegame\debug\vc142.pdb
d:\game development\myprojects\mysimple2dgame\mysimplegame\mysimplegame\debug\vc142.idb
d:\game development\myprojects\mysimple2dgame\mysimplegame\mysimplegame\debug\texturemanager.obj
d:\game development\myprojects\mysimple2dgame\mysimplegame\mysimplegame\debug\pch.obj
d:\game development\myprojects\mysimple2dgame\mysimplegame\mysimplegame\debug\map.obj
d:\game development\myprojects\mysimple2dgame\mysimplegame\mysimplegame\debug\main.obj
d:\game development\myprojects\mysimple2dgame\mysimplegame\mysimplegame\debug\game.obj
d:\game development\myprojects\mysimple2dgame\mysimplegame\mysimplegame\debug\fontmanager.obj
d:\game development\myprojects\mysimple2dgame\mysimplegame\mysimplegame\debug\entitymanager.obj
d:\game development\myprojects\mysimple2dgame\mysimplegame\mysimplegame\debug\entity.obj
d:\game development\myprojects\mysimple2dgame\mysimplegame\mysimplegame\debug\tweeningcomponent.obj
d:\game development\myprojects\mysimple2dgame\mysimplegame\mysimplegame\debug\transformcomponent.obj
d:\game development\myprojects\mysimple2dgame\mysimplegame\mysimplegame\debug\tilecomponent.obj
d:\game development\myprojects\mysimple2dgame\mysimplegame\mysimplegame\debug\textlabelcomponent.obj
d:\game development\myprojects\mysimple2dgame\mysimplegame\mysimplegame\debug\spritecomponent.obj
d:\game development\myprojects\mysimple2dgame\mysimplegame\mysimplegame\debug\projectileemittercomponent.obj
d:\game development\myprojects\mysimple2dgame\mysimplegame\mysimplegame\debug\keyboardcontrolcomponent.obj
d:\game development\myprojects\mysimple2dgame\mysimplegame\mysimplegame\debug\collidercomponent.obj
d:\game development\myprojects\mysimple2dgame\mysimplegame\mysimplegame\debug\component.obj
d:\game development\myprojects\mysimple2dgame\mysimplegame\mysimplegame\debug\collision.obj
d:\game development\myprojects\mysimple2dgame\mysimplegame\mysimplegame\debug\assetmanager.obj
d:\game development\myprojects\mysimple2dgame\mysimplegame\mysimplegame\debug\animation.obj
d:\game development\myprojects\mysimple2dgame\mysimplegame\mysimplegame\debug\tweenobj.obj
d:\game development\myprojects\mysimple2dgame\mysimplegame\mysimplegame\debug\tweenfuncs.obj
d:\game development\myprojects\mysimple2dgame\mysimplegame\debug\mysimplegame.ilk
d:\game development\myprojects\mysimple2dgame\mysimplegame\debug\mysimplegame.exe
d:\game development\myprojects\mysimple2dgame\mysimplegame\debug\mysimplegame.pdb
d:\game development\myprojects\mysimple2dgame\mysimplegame\mysimplegame\debug\mysimplegame.tlog\cl.command.1.tlog
d:\game development\myprojects\mysimple2dgame\mysimplegame\mysimplegame\debug\mysimplegame.tlog\cl.read.1.tlog
d:\game development\myprojects\mysimple2dgame\mysimplegame\mysimplegame\debug\mysimplegame.tlog\cl.write.1.tlog
d:\game development\myprojects\mysimple2dgame\mysimplegame\mysimplegame\debug\mysimplegame.tlog\link.command.1.tlog
d:\game development\myprojects\mysimple2dgame\mysimplegame\mysimplegame\debug\mysimplegame.tlog\link.read.1.tlog
d:\game development\myprojects\mysimple2dgame\mysimplegame\mysimplegame\debug\mysimplegame.tlog\link.write.1.tlog
